Started GET "/" for ::1 at 2018-03-02 10:29:29 -0800
Processing by Rails::WelcomeController#index as HTML
  Rendering /Users/lnoellaho/.rbenv/versions/2.5.0/lib/ruby/gems/2.5.0/gems/railties-5.1.5/lib/rails/templates/rails/welcome/index.html.erb
  Rendered /Users/lnoellaho/.rbenv/versions/2.5.0/lib/ruby/gems/2.5.0/gems/railties-5.1.5/lib/rails/templates/rails/welcome/index.html.erb (4.5ms)
Completed 200 OK in 388ms (Views: 16.7ms)


Started GET "/twilio/voice" for ::1 at 2018-03-02 10:29:53 -0800
  
ActionController::RoutingError (No route matches [GET] "/twilio/voice"):
  
actionpack (5.1.5) lib/action_dispatch/middleware/debug_exceptions.rb:63:in `call'
web-console (3.5.1) lib/web_console/middleware.rb:135:in `call_app'
web-console (3.5.1) lib/web_console/middleware.rb:28:in `block in call'
web-console (3.5.1) lib/web_console/middleware.rb:18:in `catch'
web-console (3.5.1) lib/web_console/middleware.rb:18:in `call'
actionpack (5.1.5) lib/action_dispatch/middleware/show_exceptions.rb:31:in `call'
railties (5.1.5) lib/rails/rack/logger.rb:36:in `call_app'
railties (5.1.5) lib/rails/rack/logger.rb:24:in `block in call'
activesupport (5.1.5) lib/active_support/tagged_logging.rb:69:in `block in tagged'
activesupport (5.1.5) lib/active_support/tagged_logging.rb:26:in `tagged'
activesupport (5.1.5) lib/active_support/tagged_logging.rb:69:in `tagged'
railties (5.1.5) lib/rails/rack/logger.rb:24:in `call'
sprockets-rails (3.2.1) lib/sprockets/rails/quiet_assets.rb:13:in `call'
actionpack (5.1.5) lib/action_dispatch/middleware/remote_ip.rb:79:in `call'
actionpack (5.1.5) lib/action_dispatch/middleware/request_id.rb:25:in `call'
rack (2.0.4) lib/rack/method_override.rb:22:in `call'
rack (2.0.4) lib/rack/runtime.rb:22:in `call'
activesupport (5.1.5) lib/active_support/cache/strategy/local_cache_middleware.rb:27:in `call'
actionpack (5.1.5) lib/action_dispatch/middleware/executor.rb:12:in `call'
actionpack (5.1.5) lib/action_dispatch/middleware/static.rb:125:in `call'
rack (2.0.4) lib/rack/sendfile.rb:111:in `call'
railties (5.1.5) lib/rails/engine.rb:522:in `call'
puma (3.11.2) lib/puma/configuration.rb:225:in `call'
puma (3.11.2) lib/puma/server.rb:624:in `handle_request'
puma (3.11.2) lib/puma/server.rb:438:in `process_client'
puma (3.11.2) lib/puma/server.rb:302:in `block in run'
puma (3.11.2) lib/puma/thread_pool.rb:120:in `block in spawn_thread'
Started POST "/twilio/voice" for ::1 at 2018-03-02 10:30:12 -0800
  
SyntaxError (/Users/lnoellaho/Desktop/ruby-rails-projects/twilio-draft/app/controllers/twilio_controller.rb:19: syntax error, unexpected keyword_end, expecting end-of-input):
  
app/controllers/twilio_controller.rb:19: syntax error, unexpected keyword_end, expecting end-of-input
Started POST "/twilio/voice" for ::1 at 2018-03-02 10:31:34 -0800
  
SyntaxError (/Users/lnoellaho/Desktop/ruby-rails-projects/twilio-draft/app/controllers/twilio_controller.rb:19: syntax error, unexpected keyword_end, expecting end-of-input):
  
app/controllers/twilio_controller.rb:19: syntax error, unexpected keyword_end, expecting end-of-input
Started POST "/twilio/voice" for ::1 at 2018-03-02 10:37:56 -0800
Processing by TwilioController#voice as */*
  Parameters: {"foo"=>"bar"}
Completed 500 Internal Server Error in 181ms


  
NameError (uninitialized constant Twilio::TwiML::Response):
  
app/controllers/twilio_controller.rb:6:in `voice'
Started POST "/" for ::1 at 2018-03-02 10:38:15 -0800
  
ActionController::RoutingError (No route matches [POST] "/"):
  
actionpack (5.1.5) lib/action_dispatch/middleware/debug_exceptions.rb:63:in `call'
web-console (3.5.1) lib/web_console/middleware.rb:135:in `call_app'
web-console (3.5.1) lib/web_console/middleware.rb:28:in `block in call'
web-console (3.5.1) lib/web_console/middleware.rb:18:in `catch'
web-console (3.5.1) lib/web_console/middleware.rb:18:in `call'
actionpack (5.1.5) lib/action_dispatch/middleware/show_exceptions.rb:31:in `call'
railties (5.1.5) lib/rails/rack/logger.rb:36:in `call_app'
railties (5.1.5) lib/rails/rack/logger.rb:24:in `block in call'
activesupport (5.1.5) lib/active_support/tagged_logging.rb:69:in `block in tagged'
activesupport (5.1.5) lib/active_support/tagged_logging.rb:26:in `tagged'
activesupport (5.1.5) lib/active_support/tagged_logging.rb:69:in `tagged'
railties (5.1.5) lib/rails/rack/logger.rb:24:in `call'
sprockets-rails (3.2.1) lib/sprockets/rails/quiet_assets.rb:13:in `call'
actionpack (5.1.5) lib/action_dispatch/middleware/remote_ip.rb:79:in `call'
actionpack (5.1.5) lib/action_dispatch/middleware/request_id.rb:25:in `call'
rack (2.0.4) lib/rack/method_override.rb:22:in `call'
rack (2.0.4) lib/rack/runtime.rb:22:in `call'
activesupport (5.1.5) lib/active_support/cache/strategy/local_cache_middleware.rb:27:in `call'
actionpack (5.1.5) lib/action_dispatch/middleware/executor.rb:12:in `call'
actionpack (5.1.5) lib/action_dispatch/middleware/static.rb:125:in `call'
rack (2.0.4) lib/rack/sendfile.rb:111:in `call'
railties (5.1.5) lib/rails/engine.rb:522:in `call'
puma (3.11.2) lib/puma/configuration.rb:225:in `call'
puma (3.11.2) lib/puma/server.rb:624:in `handle_request'
puma (3.11.2) lib/puma/server.rb:438:in `process_client'
puma (3.11.2) lib/puma/server.rb:302:in `block in run'
puma (3.11.2) lib/puma/thread_pool.rb:120:in `block in spawn_thread'
Started POST "/" for ::1 at 2018-03-02 10:39:28 -0800
  
ActionController::RoutingError (No route matches [POST] "/"):
  
actionpack (5.1.5) lib/action_dispatch/middleware/debug_exceptions.rb:63:in `call'
web-console (3.5.1) lib/web_console/middleware.rb:135:in `call_app'
web-console (3.5.1) lib/web_console/middleware.rb:28:in `block in call'
web-console (3.5.1) lib/web_console/middleware.rb:18:in `catch'
web-console (3.5.1) lib/web_console/middleware.rb:18:in `call'
actionpack (5.1.5) lib/action_dispatch/middleware/show_exceptions.rb:31:in `call'
railties (5.1.5) lib/rails/rack/logger.rb:36:in `call_app'
railties (5.1.5) lib/rails/rack/logger.rb:24:in `block in call'
activesupport (5.1.5) lib/active_support/tagged_logging.rb:69:in `block in tagged'
activesupport (5.1.5) lib/active_support/tagged_logging.rb:26:in `tagged'
activesupport (5.1.5) lib/active_support/tagged_logging.rb:69:in `tagged'
railties (5.1.5) lib/rails/rack/logger.rb:24:in `call'
sprockets-rails (3.2.1) lib/sprockets/rails/quiet_assets.rb:13:in `call'
actionpack (5.1.5) lib/action_dispatch/middleware/remote_ip.rb:79:in `call'
actionpack (5.1.5) lib/action_dispatch/middleware/request_id.rb:25:in `call'
rack (2.0.4) lib/rack/method_override.rb:22:in `call'
rack (2.0.4) lib/rack/runtime.rb:22:in `call'
activesupport (5.1.5) lib/active_support/cache/strategy/local_cache_middleware.rb:27:in `call'
actionpack (5.1.5) lib/action_dispatch/middleware/executor.rb:12:in `call'
actionpack (5.1.5) lib/action_dispatch/middleware/static.rb:125:in `call'
rack (2.0.4) lib/rack/sendfile.rb:111:in `call'
railties (5.1.5) lib/rails/engine.rb:522:in `call'
puma (3.11.2) lib/puma/configuration.rb:225:in `call'
puma (3.11.2) lib/puma/server.rb:624:in `handle_request'
puma (3.11.2) lib/puma/server.rb:438:in `process_client'
puma (3.11.2) lib/puma/server.rb:302:in `block in run'
puma (3.11.2) lib/puma/thread_pool.rb:120:in `block in spawn_thread'
Started POST "/twilio/voice" for ::1 at 2018-03-02 10:39:50 -0800
Processing by TwilioController#voice as */*
  Parameters: {"foo"=>"bar"}
Completed 500 Internal Server Error in 1ms


  
NameError (uninitialized constant Twilio::TwiML::Response):
  
app/controllers/twilio_controller.rb:7:in `voice'
Started POST "/twilio/voice" for ::1 at 2018-03-02 10:40:59 -0800
Processing by TwilioController#voice as */*
  Parameters: {"foo"=>"bar"}
Completed 500 Internal Server Error in 1ms


  
NoMethodError (undefined method `Say' for #<Twilio::TwiML::VoiceResponse:0x00007fb9ee3d0bd0>):
  
app/controllers/twilio_controller.rb:8:in `block in voice'
app/controllers/twilio_controller.rb:7:in `new'
app/controllers/twilio_controller.rb:7:in `voice'
Started POST "/twilio/voice" for ::1 at 2018-03-02 10:43:21 -0800
Processing by TwilioController#voice as */*
  Parameters: {"foo"=>"bar"}
Completed 500 Internal Server Error in 173ms


  
NoMethodError (undefined method `say' for nil:NilClass):
  
app/controllers/twilio_controller.rb:8:in `block in voice'
app/controllers/twilio_controller.rb:7:in `new'
app/controllers/twilio_controller.rb:7:in `voice'
Started POST "/twilio/voice" for ::1 at 2018-03-02 10:45:06 -0800
Processing by TwilioController#voice as */*
  Parameters: {"foo"=>"bar"}
Completed 200 OK in 4ms (Views: 0.4ms)


Started POST "/twilio/voice" for ::1 at 2018-03-02 10:49:42 -0800
  
SyntaxError (/Users/lnoellaho/Desktop/ruby-rails-projects/twilio-draft/app/controllers/twilio_controller.rb:9: unknown regexp options - ld):
  
app/controllers/twilio_controller.rb:9: unknown regexp options - ld
Started POST "/twilio/voice" for ::1 at 2018-03-02 10:51:09 -0800
  
SyntaxError (/Users/lnoellaho/Desktop/ruby-rails-projects/twilio-draft/app/controllers/twilio_controller.rb:9: syntax error, unexpected tLABEL
      r.play(url: “http://linode.rabasa.com/cantina.m...
                  ^~~~~~~~
/Users/lnoellaho/Desktop/ruby-rails-projects/twilio-draft/app/controllers/twilio_controller.rb:9: unknown regexp options - ld
/Users/lnoellaho/Desktop/ruby-rails-projects/twilio-draft/app/controllers/twilio_controller.rb:9: syntax error, unexpected ')', expecting keyword_end
...node.rabasa.com/cantina.mp3”)
...                              ^):
  
app/controllers/twilio_controller.rb:9: syntax error, unexpected tLABEL
app/controllers/twilio_controller.rb:9: unknown regexp options - ld
app/controllers/twilio_controller.rb:9: syntax error, unexpected ')', expecting keyword_end
Started POST "/twilio/voice" for ::1 at 2018-03-02 10:52:00 -0800
Processing by TwilioController#voice as */*
  Parameters: {"foo"=>"bar"}
Completed 200 OK in 174ms (Views: 0.2ms)


